<?xml version="1.0" encoding="UTF-8"?>
<coverage generated="1679816020157" clover="3.2.0">
  <project timestamp="1679816020157" name="All files">
    <metrics statements="104" coveredstatements="87" conditionals="71" coveredconditionals="58" methods="19" coveredmethods="19" elements="194" coveredelements="164" complexity="0" loc="104" ncloc="104" packages="1" files="1" classes="1"/>
    <file name="MongoDBConnector.ts" path="/home/ianc/unicorn-WSL/mongodb-connector/src/MongoDBConnector.ts">
      <metrics statements="104" coveredstatements="87" conditionals="71" coveredconditionals="58" methods="19" coveredmethods="19"/>
      <line num="1" count="1" type="stmt"/>
      <line num="33" count="4" type="stmt"/>
      <line num="34" count="4" type="cond" truecount="5" falsecount="1"/>
      <line num="35" count="4" type="cond" truecount="5" falsecount="1"/>
      <line num="36" count="4" type="cond" truecount="5" falsecount="1"/>
      <line num="37" count="4" type="cond" truecount="5" falsecount="1"/>
      <line num="38" count="4" type="stmt"/>
      <line num="41" count="4" type="stmt"/>
      <line num="42" count="4" type="stmt"/>
      <line num="43" count="4" type="stmt"/>
      <line num="45" count="4" type="stmt"/>
      <line num="46" count="4" type="stmt"/>
      <line num="49" count="4" type="stmt"/>
      <line num="51" count="4" type="stmt"/>
      <line num="57" count="4" type="stmt"/>
      <line num="71" count="7" type="stmt"/>
      <line num="72" count="7" type="cond" truecount="3" falsecount="2"/>
      <line num="73" count="0" type="stmt"/>
      <line num="76" count="7" type="stmt"/>
      <line num="77" count="7" type="stmt"/>
      <line num="79" count="7" type="stmt"/>
      <line num="80" count="7" type="cond" truecount="1" falsecount="0"/>
      <line num="81" count="1" type="cond" truecount="9" falsecount="2"/>
      <line num="82" count="1" type="stmt"/>
      <line num="85" count="1" type="cond" truecount="1" falsecount="0"/>
      <line num="86" count="1" type="stmt"/>
      <line num="91" count="0" type="cond" truecount="0" falsecount="2"/>
      <line num="92" count="0" type="stmt"/>
      <line num="94" count="0" type="stmt"/>
      <line num="97" count="7" type="stmt"/>
      <line num="99" count="7" type="stmt"/>
      <line num="110" count="2" type="stmt"/>
      <line num="111" count="2" type="stmt"/>
      <line num="112" count="2" type="stmt"/>
      <line num="114" count="2" type="cond" truecount="1" falsecount="0"/>
      <line num="115" count="2" type="stmt"/>
      <line num="116" count="2" type="cond" truecount="1" falsecount="0"/>
      <line num="117" count="1" type="stmt"/>
      <line num="121" count="0" type="stmt"/>
      <line num="123" count="2" type="stmt"/>
      <line num="125" count="1" type="stmt"/>
      <line num="140" count="3" type="cond" truecount="2" falsecount="0"/>
      <line num="142" count="3" type="stmt"/>
      <line num="143" count="3" type="stmt"/>
      <line num="144" count="3" type="stmt"/>
      <line num="145" count="2" type="cond" truecount="1" falsecount="0"/>
      <line num="146" count="2" type="stmt"/>
      <line num="149" count="1" type="stmt"/>
      <line num="151" count="3" type="stmt"/>
      <line num="153" count="0" type="stmt"/>
      <line num="168" count="1" type="stmt"/>
      <line num="169" count="1" type="stmt"/>
      <line num="170" count="1" type="stmt"/>
      <line num="171" count="1" type="stmt"/>
      <line num="176" count="1" type="cond" truecount="1" falsecount="0"/>
      <line num="177" count="1" type="stmt"/>
      <line num="180" count="0" type="stmt"/>
      <line num="181" count="0" type="stmt"/>
      <line num="183" count="1" type="stmt"/>
      <line num="185" count="0" type="stmt"/>
      <line num="198" count="2" type="stmt"/>
      <line num="199" count="2" type="stmt"/>
      <line num="200" count="2" type="stmt"/>
      <line num="201" count="2" type="cond" truecount="1" falsecount="0"/>
      <line num="202" count="2" type="stmt"/>
      <line num="205" count="0" type="stmt"/>
      <line num="207" count="2" type="stmt"/>
      <line num="209" count="0" type="stmt"/>
      <line num="217" count="1" type="stmt"/>
      <line num="218" count="1" type="stmt"/>
      <line num="219" count="1" type="stmt"/>
      <line num="220" count="1" type="stmt"/>
      <line num="227" count="17" type="stmt"/>
      <line num="234" count="17" type="stmt"/>
      <line num="243" count="15" type="cond" truecount="1" falsecount="0"/>
      <line num="244" count="14" type="stmt"/>
      <line num="245" count="14" type="cond" truecount="0" falsecount="1"/>
      <line num="246" count="0" type="stmt"/>
      <line num="247" count="0" type="stmt"/>
      <line num="248" count="0" type="stmt"/>
      <line num="250" count="0" type="stmt"/>
      <line num="252" count="0" type="stmt"/>
      <line num="256" count="14" type="stmt"/>
      <line num="257" count="14" type="stmt"/>
      <line num="259" count="1" type="stmt"/>
      <line num="268" count="4" type="stmt"/>
      <line num="270" count="10" type="stmt"/>
      <line num="271" count="10" type="stmt"/>
      <line num="272" count="10" type="stmt"/>
      <line num="276" count="4" type="stmt"/>
      <line num="279" count="4" type="stmt"/>
      <line num="280" count="10" type="stmt"/>
      <line num="283" count="4" type="cond" truecount="1" falsecount="0"/>
      <line num="284" count="3" type="stmt"/>
      <line num="297" count="4" type="stmt"/>
      <line num="298" count="5" type="cond" truecount="2" falsecount="0"/>
      <line num="299" count="5" type="cond" truecount="2" falsecount="0"/>
      <line num="301" count="5" type="cond" truecount="2" falsecount="0"/>
      <line num="302" count="3" type="stmt"/>
      <line num="303" count="2" type="cond" truecount="3" falsecount="1"/>
      <line num="304" count="2" type="stmt"/>
      <line num="305" count="2" type="stmt"/>
      <line num="307" count="0" type="stmt"/>
      <line num="314" count="1" type="stmt"/>
    </file>
  </project>
</coverage>
