<?xml version="1.0" encoding="UTF-8"?>
<coverage generated="1669170354574" clover="3.2.0">
  <project timestamp="1669170354575" name="All files">
    <metrics statements="54" coveredstatements="50" conditionals="18" coveredconditionals="14" methods="12" coveredmethods="11" elements="84" coveredelements="75" complexity="0" loc="54" ncloc="54" packages="1" files="1" classes="1"/>
    <file name="MongoDBConnector.ts" path="/Users/ianc/unicorn/mongodb-connector/src/MongoDBConnector.ts">
      <metrics statements="54" coveredstatements="50" conditionals="18" coveredconditionals="14" methods="12" coveredmethods="11"/>
      <line num="2" count="1" type="stmt"/>
      <line num="23" count="1" type="stmt"/>
      <line num="24" count="1" type="stmt"/>
      <line num="25" count="1" type="stmt"/>
      <line num="26" count="1" type="stmt"/>
      <line num="27" count="1" type="stmt"/>
      <line num="28" count="1" type="stmt"/>
      <line num="29" count="1" type="cond" truecount="1" falsecount="1"/>
      <line num="30" count="1" type="cond" truecount="1" falsecount="1"/>
      <line num="31" count="1" type="stmt"/>
      <line num="32" count="1" type="stmt"/>
      <line num="59" count="2" type="stmt"/>
      <line num="60" count="2" type="stmt"/>
      <line num="61" count="2" type="stmt"/>
      <line num="62" count="2" type="cond" truecount="1" falsecount="0"/>
      <line num="63" count="2" type="stmt"/>
      <line num="64" count="2" type="stmt"/>
      <line num="65" count="2" type="cond" truecount="1" falsecount="0"/>
      <line num="66" count="1" type="stmt"/>
      <line num="70" count="0" type="stmt"/>
      <line num="71" count="0" type="stmt"/>
      <line num="73" count="2" type="stmt"/>
      <line num="75" count="1" type="stmt"/>
      <line num="121" count="4" type="stmt"/>
      <line num="122" count="4" type="stmt"/>
      <line num="123" count="4" type="stmt"/>
      <line num="124" count="4" type="cond" truecount="1" falsecount="0"/>
      <line num="125" count="1" type="stmt"/>
      <line num="127" count="3" type="stmt"/>
      <line num="128" count="3" type="cond" truecount="9" falsecount="2"/>
      <line num="129" count="3" type="stmt"/>
      <line num="130" count="3" type="stmt"/>
      <line num="133" count="0" type="stmt"/>
      <line num="135" count="4" type="stmt"/>
      <line num="140" count="7" type="stmt"/>
      <line num="141" count="7" type="stmt"/>
      <line num="142" count="7" type="stmt"/>
      <line num="143" count="7" type="stmt"/>
      <line num="144" count="3" type="stmt"/>
      <line num="146" count="4" type="stmt"/>
      <line num="148" count="7" type="stmt"/>
      <line num="150" count="4" type="stmt"/>
      <line num="154" count="0" type="stmt"/>
      <line num="158" count="2" type="stmt"/>
      <line num="160" count="1" type="stmt"/>
      <line num="163" count="13" type="stmt"/>
      <line num="167" count="13" type="stmt"/>
      <line num="173" count="13" type="stmt"/>
      <line num="179" count="1" type="stmt"/>
      <line num="180" count="2" type="stmt"/>
      <line num="181" count="2" type="stmt"/>
      <line num="182" count="2" type="stmt"/>
      <line num="184" count="1" type="stmt"/>
      <line num="188" count="1" type="stmt"/>
    </file>
  </project>
</coverage>
