{"/home/ianc/unicorn-WSL/mongodb-connector/src/MongoDBConnector.ts": {"path":"/home/ianc/unicorn-WSL/mongodb-connector/src/MongoDBConnector.ts","statementMap":{"0":{"start":{"line":1,"column":0},"end":{"line":1,"column":null}},"1":{"start":{"line":49,"column":9},"end":{"line":49,"column":45}},"2":{"start":{"line":49,"column":33},"end":{"line":49,"column":44}},"3":{"start":{"line":51,"column":9},"end":{"line":51,"column":55}},"4":{"start":{"line":51,"column":35},"end":{"line":51,"column":54}},"5":{"start":{"line":57,"column":9},"end":{"line":57,"column":44}},"6":{"start":{"line":57,"column":32},"end":{"line":57,"column":43}},"7":{"start":{"line":279,"column":10},"end":{"line":280,"column":61}},"8":{"start":{"line":280,"column":4},"end":{"line":280,"column":60}},"9":{"start":{"line":280,"column":41},"end":{"line":280,"column":59}},"10":{"start":{"line":297,"column":10},"end":{"line":311,"column":4}},"11":{"start":{"line":298,"column":24},"end":{"line":298,"column":48}},"12":{"start":{"line":299,"column":18},"end":{"line":299,"column":42}},"13":{"start":{"line":301,"column":4},"end":{"line":310,"column":null}},"14":{"start":{"line":302,"column":6},"end":{"line":302,"column":39}},"15":{"start":{"line":303,"column":11},"end":{"line":310,"column":null}},"16":{"start":{"line":304,"column":18},"end":{"line":304,"column":153}},"17":{"start":{"line":305,"column":6},"end":{"line":305,"column":17}},"18":{"start":{"line":307,"column":6},"end":{"line":309,"column":8}},"19":{"start":{"line":33,"column":4},"end":{"line":33,"column":38}},"20":{"start":{"line":34,"column":4},"end":{"line":34,"column":43}},"21":{"start":{"line":35,"column":4},"end":{"line":35,"column":43}},"22":{"start":{"line":36,"column":4},"end":{"line":36,"column":50}},"23":{"start":{"line":37,"column":4},"end":{"line":37,"column":38}},"24":{"start":{"line":38,"column":4},"end":{"line":40,"column":6}},"25":{"start":{"line":41,"column":4},"end":{"line":41,"column":61}},"26":{"start":{"line":42,"column":4},"end":{"line":42,"column":74}},"27":{"start":{"line":43,"column":4},"end":{"line":44,"column":67}},"28":{"start":{"line":45,"column":4},"end":{"line":45,"column":57}},"29":{"start":{"line":46,"column":4},"end":{"line":46,"column":57}},"30":{"start":{"line":71,"column":4},"end":{"line":98,"column":null}},"31":{"start":{"line":72,"column":6},"end":{"line":74,"column":null}},"32":{"start":{"line":73,"column":8},"end":{"line":73,"column":62}},"33":{"start":{"line":76,"column":6},"end":{"line":76,"column":27}},"34":{"start":{"line":77,"column":17},"end":{"line":77,"column":53}},"35":{"start":{"line":79,"column":6},"end":{"line":79,"column":45}},"36":{"start":{"line":80,"column":6},"end":{"line":89,"column":null}},"37":{"start":{"line":81,"column":8},"end":{"line":88,"column":null}},"38":{"start":{"line":82,"column":31},"end":{"line":84,"column":12}},"39":{"start":{"line":85,"column":10},"end":{"line":87,"column":null}},"40":{"start":{"line":86,"column":12},"end":{"line":86,"column":36}},"41":{"start":{"line":91,"column":6},"end":{"line":95,"column":null}},"42":{"start":{"line":92,"column":8},"end":{"line":92,"column":16}},"43":{"start":{"line":94,"column":8},"end":{"line":94,"column":44}},"44":{"start":{"line":97,"column":6},"end":{"line":97,"column":25}},"45":{"start":{"line":99,"column":4},"end":{"line":99,"column":20}},"46":{"start":{"line":110,"column":4},"end":{"line":124,"column":null}},"47":{"start":{"line":111,"column":6},"end":{"line":111,"column":27}},"48":{"start":{"line":112,"column":17},"end":{"line":112,"column":53}},"49":{"start":{"line":114,"column":6},"end":{"line":119,"column":null}},"50":{"start":{"line":115,"column":25},"end":{"line":115,"column":68}},"51":{"start":{"line":116,"column":8},"end":{"line":118,"column":null}},"52":{"start":{"line":117,"column":10},"end":{"line":117,"column":26}},"53":{"start":{"line":121,"column":6},"end":{"line":121,"column":21}},"54":{"start":{"line":123,"column":6},"end":{"line":123,"column":25}},"55":{"start":{"line":125,"column":4},"end":{"line":125,"column":16}},"56":{"start":{"line":140,"column":16},"end":{"line":140,"column":29}},"57":{"start":{"line":142,"column":4},"end":{"line":152,"column":null}},"58":{"start":{"line":143,"column":6},"end":{"line":143,"column":27}},"59":{"start":{"line":144,"column":17},"end":{"line":144,"column":53}},"60":{"start":{"line":145,"column":6},"end":{"line":147,"column":null}},"61":{"start":{"line":146,"column":8},"end":{"line":146,"column":51}},"62":{"start":{"line":149,"column":6},"end":{"line":149,"column":14}},"63":{"start":{"line":151,"column":6},"end":{"line":151,"column":25}},"64":{"start":{"line":153,"column":4},"end":{"line":153,"column":16}},"65":{"start":{"line":168,"column":4},"end":{"line":184,"column":null}},"66":{"start":{"line":169,"column":6},"end":{"line":169,"column":27}},"67":{"start":{"line":170,"column":17},"end":{"line":170,"column":53}},"68":{"start":{"line":171,"column":23},"end":{"line":174,"column":null}},"69":{"start":{"line":176,"column":6},"end":{"line":178,"column":null}},"70":{"start":{"line":177,"column":8},"end":{"line":177,"column":30}},"71":{"start":{"line":180,"column":6},"end":{"line":180,"column":21}},"72":{"start":{"line":181,"column":6},"end":{"line":181,"column":18}},"73":{"start":{"line":183,"column":6},"end":{"line":183,"column":25}},"74":{"start":{"line":185,"column":4},"end":{"line":185,"column":16}},"75":{"start":{"line":198,"column":4},"end":{"line":208,"column":null}},"76":{"start":{"line":199,"column":6},"end":{"line":199,"column":27}},"77":{"start":{"line":200,"column":17},"end":{"line":200,"column":53}},"78":{"start":{"line":201,"column":6},"end":{"line":203,"column":null}},"79":{"start":{"line":202,"column":8},"end":{"line":202,"column":61}},"80":{"start":{"line":205,"column":6},"end":{"line":205,"column":63}},"81":{"start":{"line":207,"column":6},"end":{"line":207,"column":25}},"82":{"start":{"line":209,"column":4},"end":{"line":209,"column":16}},"83":{"start":{"line":217,"column":4},"end":{"line":217,"column":32}},"84":{"start":{"line":218,"column":16},"end":{"line":218,"column":66}},"85":{"start":{"line":219,"column":4},"end":{"line":219,"column":30}},"86":{"start":{"line":220,"column":4},"end":{"line":220,"column":15}},"87":{"start":{"line":227,"column":4},"end":{"line":227,"column":32}},"88":{"start":{"line":234,"column":4},"end":{"line":234,"column":30}},"89":{"start":{"line":243,"column":4},"end":{"line":258,"column":null}},"90":{"start":{"line":244,"column":15},"end":{"line":244,"column":42}},"91":{"start":{"line":245,"column":6},"end":{"line":254,"column":null}},"92":{"start":{"line":246,"column":8},"end":{"line":253,"column":null}},"93":{"start":{"line":247,"column":10},"end":{"line":247,"column":31}},"94":{"start":{"line":248,"column":10},"end":{"line":248,"column":73}},"95":{"start":{"line":250,"column":10},"end":{"line":250,"column":53}},"96":{"start":{"line":252,"column":10},"end":{"line":252,"column":29}},"97":{"start":{"line":256,"column":6},"end":{"line":256,"column":39}},"98":{"start":{"line":257,"column":6},"end":{"line":257,"column":39}},"99":{"start":{"line":259,"column":4},"end":{"line":259,"column":44}},"100":{"start":{"line":268,"column":30},"end":{"line":274,"column":null}},"101":{"start":{"line":270,"column":20},"end":{"line":270,"column":39}},"102":{"start":{"line":271,"column":8},"end":{"line":271,"column":40}},"103":{"start":{"line":272,"column":8},"end":{"line":272,"column":20}},"104":{"start":{"line":276,"column":4},"end":{"line":276,"column":29}},"105":{"start":{"line":283,"column":4},"end":{"line":285,"column":null}},"106":{"start":{"line":284,"column":6},"end":{"line":284,"column":17}},"107":{"start":{"line":314,"column":0},"end":{"line":314,"column":32}}},"fnMap":{"0":{"name":"(anonymous_7)","decl":{"start":{"line":32,"column":2},"end":{"line":32,"column":14}},"loc":{"start":{"line":32,"column":36},"end":{"line":47,"column":3}}},"1":{"name":"(anonymous_8)","decl":{"start":{"line":49,"column":27},"end":{"line":49,"column":30}},"loc":{"start":{"line":49,"column":33},"end":{"line":49,"column":44}}},"2":{"name":"(anonymous_9)","decl":{"start":{"line":51,"column":29},"end":{"line":51,"column":32}},"loc":{"start":{"line":51,"column":35},"end":{"line":51,"column":54}}},"3":{"name":"(anonymous_10)","decl":{"start":{"line":57,"column":26},"end":{"line":57,"column":29}},"loc":{"start":{"line":57,"column":32},"end":{"line":57,"column":43}}},"4":{"name":"(anonymous_11)","decl":{"start":{"line":279,"column":37},"end":{"line":279,"column":38}},"loc":{"start":{"line":280,"column":4},"end":{"line":280,"column":60}}},"5":{"name":"(anonymous_12)","decl":{"start":{"line":280,"column":31},"end":{"line":280,"column":32}},"loc":{"start":{"line":280,"column":41},"end":{"line":280,"column":59}}},"6":{"name":"(anonymous_13)","decl":{"start":{"line":297,"column":34},"end":{"line":297,"column":37}},"loc":{"start":{"line":297,"column":39},"end":{"line":311,"column":3}}},"7":{"name":"(anonymous_14)","decl":{"start":{"line":64,"column":15},"end":{"line":64,"column":24}},"loc":{"start":{"line":67,"column":26},"end":{"line":100,"column":null}}},"8":{"name":"(anonymous_16)","decl":{"start":{"line":109,"column":15},"end":{"line":109,"column":23}},"loc":{"start":{"line":109,"column":69},"end":{"line":126,"column":null}}},"9":{"name":"(anonymous_18)","decl":{"start":{"line":135,"column":15},"end":{"line":135,"column":19}},"loc":{"start":{"line":138,"column":25},"end":{"line":154,"column":null}}},"10":{"name":"(anonymous_20)","decl":{"start":{"line":163,"column":15},"end":{"line":163,"column":24}},"loc":{"start":{"line":166,"column":20},"end":{"line":186,"column":null}}},"11":{"name":"(anonymous_22)","decl":{"start":{"line":194,"column":15},"end":{"line":194,"column":28}},"loc":{"start":{"line":196,"column":16},"end":{"line":210,"column":null}}},"12":{"name":"(anonymous_24)","decl":{"start":{"line":216,"column":15},"end":{"line":216,"column":29}},"loc":{"start":{"line":216,"column":29},"end":{"line":221,"column":null}}},"13":{"name":"(anonymous_26)","decl":{"start":{"line":226,"column":15},"end":{"line":226,"column":22}},"loc":{"start":{"line":226,"column":22},"end":{"line":228,"column":null}}},"14":{"name":"(anonymous_28)","decl":{"start":{"line":233,"column":15},"end":{"line":233,"column":20}},"loc":{"start":{"line":233,"column":20},"end":{"line":235,"column":null}}},"15":{"name":"(anonymous_30)","decl":{"start":{"line":242,"column":16},"end":{"line":242,"column":29}},"loc":{"start":{"line":242,"column":61},"end":{"line":260,"column":null}}},"16":{"name":"(anonymous_32)","decl":{"start":{"line":267,"column":10},"end":{"line":267,"column":28}},"loc":{"start":{"line":267,"column":50},"end":{"line":277,"column":3}}},"17":{"name":"(anonymous_33)","decl":{"start":{"line":269,"column":6},"end":{"line":269,"column":7}},"loc":{"start":{"line":269,"column":45},"end":{"line":273,"column":7}}},"18":{"name":"(anonymous_34)","decl":{"start":{"line":282,"column":10},"end":{"line":282,"column":28}},"loc":{"start":{"line":282,"column":52},"end":{"line":286,"column":3}}}},"branchMap":{"0":{"loc":{"start":{"line":298,"column":24},"end":{"line":298,"column":48}},"type":"cond-expr","locations":[{"start":{"line":298,"column":40},"end":{"line":298,"column":43}},{"start":{"line":298,"column":46},"end":{"line":298,"column":48}}]},"1":{"loc":{"start":{"line":299,"column":18},"end":{"line":299,"column":42}},"type":"cond-expr","locations":[{"start":{"line":299,"column":34},"end":{"line":299,"column":37}},{"start":{"line":299,"column":40},"end":{"line":299,"column":42}}]},"2":{"loc":{"start":{"line":301,"column":4},"end":{"line":310,"column":null}},"type":"if","locations":[{"start":{"line":301,"column":4},"end":{"line":310,"column":null}},{"start":{"line":303,"column":11},"end":{"line":310,"column":null}}]},"3":{"loc":{"start":{"line":303,"column":11},"end":{"line":310,"column":null}},"type":"if","locations":[{"start":{"line":303,"column":11},"end":{"line":310,"column":null}},{"start":{"line":306,"column":11},"end":{"line":310,"column":null}}]},"4":{"loc":{"start":{"line":303,"column":15},"end":{"line":303,"column":44}},"type":"binary-expr","locations":[{"start":{"line":303,"column":15},"end":{"line":303,"column":27}},{"start":{"line":303,"column":31},"end":{"line":303,"column":44}}]},"5":{"loc":{"start":{"line":34,"column":20},"end":{"line":34,"column":42}},"type":"binary-expr","locations":[{"start":{"line":34,"column":20},"end":{"line":34,"column":36}},{"start":{"line":34,"column":40},"end":{"line":34,"column":42}}]},"6":{"loc":{"start":{"line":34,"column":20},"end":{"line":34,"column":36}},"type":"cond-expr","locations":[{"start":{"line":34,"column":26},"end":{"line":34,"column":28}},{"start":{"line":34,"column":20},"end":{"line":34,"column":36}}]},"7":{"loc":{"start":{"line":34,"column":20},"end":{"line":34,"column":28}},"type":"binary-expr","locations":[{"start":{"line":34,"column":20},"end":{"line":34,"column":28}},{"start":{"line":34,"column":20},"end":{"line":34,"column":28}}]},"8":{"loc":{"start":{"line":35,"column":20},"end":{"line":35,"column":42}},"type":"binary-expr","locations":[{"start":{"line":35,"column":20},"end":{"line":35,"column":36}},{"start":{"line":35,"column":40},"end":{"line":35,"column":42}}]},"9":{"loc":{"start":{"line":35,"column":20},"end":{"line":35,"column":36}},"type":"cond-expr","locations":[{"start":{"line":35,"column":26},"end":{"line":35,"column":28}},{"start":{"line":35,"column":20},"end":{"line":35,"column":36}}]},"10":{"loc":{"start":{"line":35,"column":20},"end":{"line":35,"column":28}},"type":"binary-expr","locations":[{"start":{"line":35,"column":20},"end":{"line":35,"column":28}},{"start":{"line":35,"column":20},"end":{"line":35,"column":28}}]},"11":{"loc":{"start":{"line":36,"column":19},"end":{"line":36,"column":49}},"type":"binary-expr","locations":[{"start":{"line":36,"column":19},"end":{"line":36,"column":34}},{"start":{"line":36,"column":38},"end":{"line":36,"column":49}}]},"12":{"loc":{"start":{"line":36,"column":19},"end":{"line":36,"column":34}},"type":"cond-expr","locations":[{"start":{"line":36,"column":25},"end":{"line":36,"column":27}},{"start":{"line":36,"column":19},"end":{"line":36,"column":34}}]},"13":{"loc":{"start":{"line":36,"column":19},"end":{"line":36,"column":27}},"type":"binary-expr","locations":[{"start":{"line":36,"column":19},"end":{"line":36,"column":27}},{"start":{"line":36,"column":19},"end":{"line":36,"column":27}}]},"14":{"loc":{"start":{"line":37,"column":16},"end":{"line":37,"column":37}},"type":"binary-expr","locations":[{"start":{"line":37,"column":16},"end":{"line":37,"column":28}},{"start":{"line":37,"column":32},"end":{"line":37,"column":37}}]},"15":{"loc":{"start":{"line":37,"column":16},"end":{"line":37,"column":28}},"type":"cond-expr","locations":[{"start":{"line":37,"column":22},"end":{"line":37,"column":24}},{"start":{"line":37,"column":16},"end":{"line":37,"column":28}}]},"16":{"loc":{"start":{"line":37,"column":16},"end":{"line":37,"column":24}},"type":"binary-expr","locations":[{"start":{"line":37,"column":16},"end":{"line":37,"column":24}},{"start":{"line":37,"column":16},"end":{"line":37,"column":24}}]},"17":{"loc":{"start":{"line":44,"column":6},"end":{"line":44,"column":66}},"type":"binary-expr","locations":[{"start":{"line":44,"column":6},"end":{"line":44,"column":31}},{"start":{"line":44,"column":35},"end":{"line":44,"column":66}}]},"18":{"loc":{"start":{"line":44,"column":6},"end":{"line":44,"column":31}},"type":"cond-expr","locations":[{"start":{"line":44,"column":12},"end":{"line":44,"column":14}},{"start":{"line":44,"column":6},"end":{"line":44,"column":31}}]},"19":{"loc":{"start":{"line":44,"column":6},"end":{"line":44,"column":14}},"type":"binary-expr","locations":[{"start":{"line":44,"column":6},"end":{"line":44,"column":14}},{"start":{"line":44,"column":6},"end":{"line":44,"column":14}}]},"20":{"loc":{"start":{"line":67,"column":4},"end":{"line":67,"column":26}},"type":"default-arg","locations":[{"start":{"line":67,"column":21},"end":{"line":67,"column":26}}]},"21":{"loc":{"start":{"line":72,"column":6},"end":{"line":74,"column":null}},"type":"if","locations":[{"start":{"line":72,"column":6},"end":{"line":74,"column":null}}]},"22":{"loc":{"start":{"line":72,"column":11},"end":{"line":72,"column":26}},"type":"cond-expr","locations":[{"start":{"line":72,"column":18},"end":{"line":72,"column":20}},{"start":{"line":72,"column":11},"end":{"line":72,"column":26}}]},"23":{"loc":{"start":{"line":72,"column":11},"end":{"line":72,"column":20}},"type":"binary-expr","locations":[{"start":{"line":72,"column":11},"end":{"line":72,"column":20}},{"start":{"line":72,"column":11},"end":{"line":72,"column":20}}]},"24":{"loc":{"start":{"line":80,"column":6},"end":{"line":89,"column":null}},"type":"if","locations":[{"start":{"line":80,"column":6},"end":{"line":89,"column":null}}]},"25":{"loc":{"start":{"line":81,"column":8},"end":{"line":88,"column":null}},"type":"if","locations":[{"start":{"line":81,"column":8},"end":{"line":88,"column":null}}]},"26":{"loc":{"start":{"line":81,"column":12},"end":{"line":81,"column":60}},"type":"binary-expr","locations":[{"start":{"line":81,"column":12},"end":{"line":81,"column":34}},{"start":{"line":81,"column":38},"end":{"line":81,"column":58}}]},"27":{"loc":{"start":{"line":81,"column":12},"end":{"line":81,"column":34}},"type":"cond-expr","locations":[{"start":{"line":81,"column":20},"end":{"line":81,"column":22}},{"start":{"line":81,"column":12},"end":{"line":81,"column":34}}]},"28":{"loc":{"start":{"line":81,"column":12},"end":{"line":81,"column":22}},"type":"binary-expr","locations":[{"start":{"line":81,"column":12},"end":{"line":81,"column":22}},{"start":{"line":81,"column":12},"end":{"line":81,"column":22}}]},"29":{"loc":{"start":{"line":81,"column":38},"end":{"line":81,"column":58}},"type":"cond-expr","locations":[{"start":{"line":81,"column":46},"end":{"line":81,"column":48}},{"start":{"line":81,"column":38},"end":{"line":81,"column":58}}]},"30":{"loc":{"start":{"line":81,"column":38},"end":{"line":81,"column":48}},"type":"binary-expr","locations":[{"start":{"line":81,"column":38},"end":{"line":81,"column":48}},{"start":{"line":81,"column":38},"end":{"line":81,"column":48}}]},"31":{"loc":{"start":{"line":85,"column":10},"end":{"line":87,"column":null}},"type":"if","locations":[{"start":{"line":85,"column":10},"end":{"line":87,"column":null}}]},"32":{"loc":{"start":{"line":91,"column":6},"end":{"line":95,"column":null}},"type":"if","locations":[{"start":{"line":91,"column":6},"end":{"line":95,"column":null}},{"start":{"line":93,"column":13},"end":{"line":95,"column":null}}]},"33":{"loc":{"start":{"line":114,"column":6},"end":{"line":119,"column":null}},"type":"if","locations":[{"start":{"line":114,"column":6},"end":{"line":119,"column":null}}]},"34":{"loc":{"start":{"line":116,"column":8},"end":{"line":118,"column":null}},"type":"if","locations":[{"start":{"line":116,"column":8},"end":{"line":118,"column":null}}]},"35":{"loc":{"start":{"line":140,"column":16},"end":{"line":140,"column":29}},"type":"binary-expr","locations":[{"start":{"line":140,"column":16},"end":{"line":140,"column":23}},{"start":{"line":140,"column":27},"end":{"line":140,"column":29}}]},"36":{"loc":{"start":{"line":145,"column":6},"end":{"line":147,"column":null}},"type":"if","locations":[{"start":{"line":145,"column":6},"end":{"line":147,"column":null}}]},"37":{"loc":{"start":{"line":176,"column":6},"end":{"line":178,"column":null}},"type":"if","locations":[{"start":{"line":176,"column":6},"end":{"line":178,"column":null}}]},"38":{"loc":{"start":{"line":201,"column":6},"end":{"line":203,"column":null}},"type":"if","locations":[{"start":{"line":201,"column":6},"end":{"line":203,"column":null}}]},"39":{"loc":{"start":{"line":243,"column":4},"end":{"line":258,"column":null}},"type":"if","locations":[{"start":{"line":243,"column":4},"end":{"line":258,"column":null}}]},"40":{"loc":{"start":{"line":245,"column":6},"end":{"line":254,"column":null}},"type":"if","locations":[{"start":{"line":245,"column":6},"end":{"line":254,"column":null}}]},"41":{"loc":{"start":{"line":283,"column":4},"end":{"line":285,"column":null}},"type":"if","locations":[{"start":{"line":283,"column":4},"end":{"line":285,"column":null}}]}},"s":{"0":1,"1":4,"2":1,"3":4,"4":2,"5":4,"6":2,"7":4,"8":4,"9":10,"10":4,"11":5,"12":5,"13":5,"14":3,"15":2,"16":2,"17":2,"18":0,"19":4,"20":4,"21":4,"22":4,"23":4,"24":4,"25":4,"26":4,"27":4,"28":4,"29":4,"30":7,"31":7,"32":0,"33":7,"34":7,"35":7,"36":7,"37":1,"38":1,"39":1,"40":1,"41":0,"42":0,"43":0,"44":7,"45":7,"46":2,"47":2,"48":2,"49":2,"50":2,"51":2,"52":1,"53":0,"54":2,"55":1,"56":3,"57":3,"58":3,"59":3,"60":2,"61":2,"62":1,"63":3,"64":0,"65":1,"66":1,"67":1,"68":1,"69":1,"70":1,"71":0,"72":0,"73":1,"74":0,"75":2,"76":2,"77":2,"78":2,"79":2,"80":0,"81":2,"82":0,"83":1,"84":1,"85":1,"86":1,"87":17,"88":17,"89":15,"90":14,"91":14,"92":0,"93":0,"94":0,"95":0,"96":0,"97":14,"98":14,"99":1,"100":4,"101":10,"102":10,"103":10,"104":4,"105":4,"106":3,"107":1},"f":{"0":4,"1":1,"2":2,"3":2,"4":4,"5":10,"6":5,"7":7,"8":2,"9":3,"10":1,"11":2,"12":1,"13":17,"14":17,"15":15,"16":4,"17":10,"18":4},"b":{"0":[2,3],"1":[2,3],"2":[3,2],"3":[2,0],"4":[2,2],"5":[4,3],"6":[0,4],"7":[4,4],"8":[4,3],"9":[0,4],"10":[4,4],"11":[4,3],"12":[0,4],"13":[4,4],"14":[4,3],"15":[0,4],"16":[4,4],"17":[4,3],"18":[0,4],"19":[4,4],"20":[4],"21":[0],"22":[0,7],"23":[7,7],"24":[1],"25":[1],"26":[1,1],"27":[0,1],"28":[1,1],"29":[0,1],"30":[1,1],"31":[1],"32":[0,0],"33":[2],"34":[1],"35":[3,2],"36":[2],"37":[1],"38":[2],"39":[14],"40":[0],"41":[3]}}
}
