{"/Users/ianc/unicorn/mongodb-connector/src/MongoDBConnector.ts": {"path":"/Users/ianc/unicorn/mongodb-connector/src/MongoDBConnector.ts","statementMap":{"0":{"start":{"line":1,"column":0},"end":{"line":1,"column":58}},"1":{"start":{"line":154,"column":7},"end":{"line":154,"column":54}},"2":{"start":{"line":154,"column":34},"end":{"line":154,"column":53}},"3":{"start":{"line":156,"column":7},"end":{"line":156,"column":43}},"4":{"start":{"line":156,"column":31},"end":{"line":156,"column":42}},"5":{"start":{"line":22,"column":4},"end":{"line":22,"column":34}},"6":{"start":{"line":23,"column":4},"end":{"line":23,"column":38}},"7":{"start":{"line":24,"column":4},"end":{"line":24,"column":42}},"8":{"start":{"line":25,"column":4},"end":{"line":25,"column":72}},"9":{"start":{"line":26,"column":4},"end":{"line":26,"column":28}},"10":{"start":{"line":27,"column":4},"end":{"line":27,"column":36}},"11":{"start":{"line":28,"column":4},"end":{"line":28,"column":28}},"12":{"start":{"line":29,"column":4},"end":{"line":29,"column":28}},"13":{"start":{"line":30,"column":4},"end":{"line":30,"column":93}},"14":{"start":{"line":31,"column":4},"end":{"line":31,"column":57}},"15":{"start":{"line":58,"column":2},"end":{"line":72,"column":null}},"16":{"start":{"line":59,"column":4},"end":{"line":59,"column":25}},"17":{"start":{"line":60,"column":27},"end":{"line":60,"column":61}},"18":{"start":{"line":61,"column":4},"end":{"line":67,"column":null}},"19":{"start":{"line":62,"column":16},"end":{"line":62,"column":44}},"20":{"start":{"line":63,"column":23},"end":{"line":63,"column":89}},"21":{"start":{"line":64,"column":6},"end":{"line":66,"column":null}},"22":{"start":{"line":65,"column":8},"end":{"line":65,"column":24}},"23":{"start":{"line":69,"column":4},"end":{"line":69,"column":null}},"24":{"start":{"line":71,"column":4},"end":{"line":71,"column":23}},"25":{"start":{"line":73,"column":2},"end":{"line":73,"column":14}},"26":{"start":{"line":119,"column":2},"end":{"line":131,"column":null}},"27":{"start":{"line":120,"column":4},"end":{"line":120,"column":25}},"28":{"start":{"line":121,"column":16},"end":{"line":121,"column":50}},"29":{"start":{"line":122,"column":19},"end":{"line":122,"column":87}},"30":{"start":{"line":123,"column":4},"end":{"line":126,"column":null}},"31":{"start":{"line":124,"column":27},"end":{"line":124,"column":124}},"32":{"start":{"line":125,"column":6},"end":{"line":125,"column":26}},"33":{"start":{"line":128,"column":4},"end":{"line":128,"column":19}},"34":{"start":{"line":130,"column":4},"end":{"line":130,"column":23}},"35":{"start":{"line":132,"column":2},"end":{"line":132,"column":14}},"36":{"start":{"line":136,"column":2},"end":{"line":145,"column":null}},"37":{"start":{"line":137,"column":4},"end":{"line":137,"column":25}},"38":{"start":{"line":138,"column":16},"end":{"line":138,"column":54}},"39":{"start":{"line":139,"column":19},"end":{"line":139,"column":75}},"40":{"start":{"line":140,"column":4},"end":{"line":140,"column":18}},"41":{"start":{"line":142,"column":4},"end":{"line":142,"column":19}},"42":{"start":{"line":144,"column":4},"end":{"line":144,"column":23}},"43":{"start":{"line":146,"column":2},"end":{"line":146,"column":14}},"44":{"start":{"line":150,"column":2},"end":{"line":150,"column":51}},"45":{"start":{"line":159,"column":2},"end":{"line":163,"column":null}},"46":{"start":{"line":160,"column":4},"end":{"line":160,"column":32}},"47":{"start":{"line":162,"column":4},"end":{"line":162,"column":19}},"48":{"start":{"line":167,"column":2},"end":{"line":167,"column":28}},"49":{"start":{"line":173,"column":2},"end":{"line":173,"column":59}},"50":{"start":{"line":179,"column":28},"end":{"line":183,"column":8}},"51":{"start":{"line":180,"column":16},"end":{"line":180,"column":35}},"52":{"start":{"line":181,"column":4},"end":{"line":181,"column":36}},"53":{"start":{"line":182,"column":4},"end":{"line":182,"column":16}},"54":{"start":{"line":184,"column":2},"end":{"line":184,"column":27}},"55":{"start":{"line":188,"column":0},"end":{"line":188,"column":32}}},"fnMap":{"0":{"name":"(anonymous_7)","decl":{"start":{"line":21,"column":2},"end":{"line":21,"column":14}},"loc":{"start":{"line":21,"column":56},"end":{"line":32,"column":3}}},"1":{"name":"(anonymous_8)","decl":{"start":{"line":154,"column":27},"end":{"line":154,"column":30}},"loc":{"start":{"line":154,"column":34},"end":{"line":154,"column":53}}},"2":{"name":"(anonymous_9)","decl":{"start":{"line":156,"column":25},"end":{"line":156,"column":28}},"loc":{"start":{"line":156,"column":31},"end":{"line":156,"column":42}}},"3":{"name":"(anonymous_10)","decl":{"start":{"line":57,"column":13},"end":{"line":57,"column":32}},"loc":{"start":{"line":57,"column":51},"end":{"line":74,"column":null}}},"4":{"name":"(anonymous_12)","decl":{"start":{"line":118,"column":13},"end":{"line":118,"column":26}},"loc":{"start":{"line":118,"column":58},"end":{"line":133,"column":null}}},"5":{"name":"(anonymous_14)","decl":{"start":{"line":135,"column":13},"end":{"line":135,"column":27}},"loc":{"start":{"line":135,"column":50},"end":{"line":147,"column":null}}},"6":{"name":"(anonymous_16)","decl":{"start":{"line":149,"column":13},"end":{"line":149,"column":27}},"loc":{"start":{"line":149,"column":27},"end":{"line":151,"column":null}}},"7":{"name":"(anonymous_18)","decl":{"start":{"line":158,"column":14},"end":{"line":158,"column":21}},"loc":{"start":{"line":158,"column":21},"end":{"line":164,"column":null}}},"8":{"name":"(anonymous_20)","decl":{"start":{"line":166,"column":14},"end":{"line":166,"column":19}},"loc":{"start":{"line":166,"column":19},"end":{"line":168,"column":null}}},"9":{"name":"(anonymous_22)","decl":{"start":{"line":172,"column":8},"end":{"line":172,"column":25}},"loc":{"start":{"line":172,"column":47},"end":{"line":174,"column":1}}},"10":{"name":"(anonymous_23)","decl":{"start":{"line":178,"column":8},"end":{"line":178,"column":28}},"loc":{"start":{"line":178,"column":50},"end":{"line":185,"column":1}}},"11":{"name":"(anonymous_24)","decl":{"start":{"line":179,"column":47},"end":{"line":179,"column":48}},"loc":{"start":{"line":179,"column":96},"end":{"line":183,"column":3}}}},"branchMap":{"0":{"loc":{"start":{"line":61,"column":4},"end":{"line":67,"column":null}},"type":"if","locations":[{"start":{"line":61,"column":4},"end":{"line":67,"column":null}}]},"1":{"loc":{"start":{"line":64,"column":6},"end":{"line":66,"column":null}},"type":"if","locations":[{"start":{"line":64,"column":6},"end":{"line":66,"column":null}}]},"2":{"loc":{"start":{"line":123,"column":4},"end":{"line":126,"column":null}},"type":"if","locations":[{"start":{"line":123,"column":4},"end":{"line":126,"column":null}}]},"3":{"loc":{"start":{"line":123,"column":8},"end":{"line":123,"column":52}},"type":"binary-expr","locations":[{"start":{"line":123,"column":8},"end":{"line":123,"column":28}},{"start":{"line":123,"column":32},"end":{"line":123,"column":50}}]},"4":{"loc":{"start":{"line":123,"column":8},"end":{"line":123,"column":28}},"type":"cond-expr","locations":[{"start":{"line":123,"column":14},"end":{"line":123,"column":16}},{"start":{"line":123,"column":8},"end":{"line":123,"column":28}}]},"5":{"loc":{"start":{"line":123,"column":8},"end":{"line":123,"column":16}},"type":"binary-expr","locations":[{"start":{"line":123,"column":8},"end":{"line":123,"column":16}},{"start":{"line":123,"column":8},"end":{"line":123,"column":16}}]},"6":{"loc":{"start":{"line":123,"column":32},"end":{"line":123,"column":50}},"type":"cond-expr","locations":[{"start":{"line":123,"column":38},"end":{"line":123,"column":40}},{"start":{"line":123,"column":32},"end":{"line":123,"column":50}}]},"7":{"loc":{"start":{"line":123,"column":32},"end":{"line":123,"column":40}},"type":"binary-expr","locations":[{"start":{"line":123,"column":32},"end":{"line":123,"column":40}},{"start":{"line":123,"column":32},"end":{"line":123,"column":40}}]}},"s":{"0":1,"1":3,"2":4,"3":3,"4":1,"5":3,"6":3,"7":3,"8":3,"9":3,"10":3,"11":3,"12":3,"13":3,"14":3,"15":2,"16":2,"17":2,"18":2,"19":2,"20":2,"21":2,"22":1,"23":0,"24":2,"25":1,"26":3,"27":3,"28":3,"29":3,"30":3,"31":3,"32":3,"33":0,"34":3,"35":0,"36":2,"37":2,"38":2,"39":2,"40":1,"41":1,"42":2,"43":1,"44":0,"45":7,"46":7,"47":0,"48":7,"49":7,"50":3,"51":6,"52":6,"53":6,"54":3,"55":1},"f":{"0":3,"1":4,"2":1,"3":2,"4":3,"5":2,"6":0,"7":7,"8":7,"9":7,"10":3,"11":6},"b":{"0":[2],"1":[1],"2":[3],"3":[3,3],"4":[0,3],"5":[3,3],"6":[0,3],"7":[3,3]}}
}
