TN:
SF:src/MongoDBConnector.ts
FN:55,(anonymous_7)
FN:69,(anonymous_8)
FN:71,(anonymous_9)
FN:73,(anonymous_10)
FN:257,(anonymous_11)
FN:258,(anonymous_12)
FN:276,(anonymous_13)
FN:80,(anonymous_14)
FN:112,(anonymous_16)
FN:139,(anonymous_18)
FN:158,(anonymous_20)
FN:183,(anonymous_22)
FN:204,(anonymous_24)
FN:211,(anonymous_26)
FN:220,(anonymous_28)
FN:245,(anonymous_30)
FN:247,(anonymous_31)
FN:261,(anonymous_32)
FNF:18
FNH:13
FNDA:1,(anonymous_7)
FNDA:1,(anonymous_8)
FNDA:1,(anonymous_9)
FNDA:0,(anonymous_10)
FNDA:1,(anonymous_11)
FNDA:3,(anonymous_12)
FNDA:1,(anonymous_13)
FNDA:1,(anonymous_14)
FNDA:0,(anonymous_16)
FNDA:0,(anonymous_18)
FNDA:0,(anonymous_20)
FNDA:0,(anonymous_22)
FNDA:1,(anonymous_24)
FNDA:1,(anonymous_26)
FNDA:1,(anonymous_28)
FNDA:1,(anonymous_30)
FNDA:3,(anonymous_31)
FNDA:1,(anonymous_32)
DA:1,1
DA:56,1
DA:57,1
DA:58,1
DA:59,1
DA:60,1
DA:61,1
DA:62,1
DA:63,1
DA:64,1
DA:65,1
DA:66,1
DA:69,1
DA:71,1
DA:73,1
DA:84,1
DA:85,1
DA:86,1
DA:87,1
DA:88,1
DA:89,1
DA:90,0
DA:92,1
DA:93,1
DA:94,1
DA:95,1
DA:96,1
DA:99,0
DA:101,1
DA:113,0
DA:114,0
DA:115,0
DA:117,0
DA:118,0
DA:119,0
DA:120,0
DA:123,0
DA:125,0
DA:127,0
DA:129,0
DA:140,0
DA:142,0
DA:143,0
DA:144,0
DA:145,0
DA:146,0
DA:147,0
DA:148,0
DA:153,0
DA:155,0
DA:163,0
DA:164,0
DA:165,0
DA:166,0
DA:171,0
DA:172,0
DA:175,0
DA:176,0
DA:178,0
DA:180,0
DA:184,0
DA:185,0
DA:186,0
DA:187,0
DA:188,0
DA:189,0
DA:190,0
DA:194,0
DA:196,0
DA:198,0
DA:205,1
DA:212,1
DA:221,1
DA:222,1
DA:223,1
DA:224,0
DA:225,0
DA:226,0
DA:228,0
DA:230,0
DA:234,1
DA:235,1
DA:237,0
DA:246,1
DA:248,3
DA:249,3
DA:250,3
DA:254,1
DA:257,1
DA:258,3
DA:262,1
DA:263,1
DA:276,1
DA:277,1
DA:279,1
DA:280,1
DA:281,0
DA:282,0
DA:283,0
DA:285,0
DA:292,1
LF:101
LH:48
BRDA:277,0,0,0
BRDA:277,0,1,1
BRDA:279,1,0,1
BRDA:279,1,1,0
BRDA:281,2,0,0
BRDA:281,2,1,0
BRDA:57,3,0,1
BRDA:57,3,1,1
BRDA:57,4,0,0
BRDA:57,4,1,1
BRDA:57,5,0,1
BRDA:57,5,1,1
BRDA:58,6,0,1
BRDA:58,6,1,1
BRDA:58,7,0,0
BRDA:58,7,1,1
BRDA:58,8,0,1
BRDA:58,8,1,1
BRDA:59,9,0,1
BRDA:59,9,1,1
BRDA:59,10,0,0
BRDA:59,10,1,1
BRDA:59,11,0,1
BRDA:59,11,1,1
BRDA:60,12,0,1
BRDA:60,12,1,1
BRDA:60,13,0,0
BRDA:60,13,1,1
BRDA:60,14,0,1
BRDA:60,14,1,1
BRDA:64,15,0,1
BRDA:64,15,1,1
BRDA:64,16,0,0
BRDA:64,16,1,1
BRDA:64,17,0,1
BRDA:64,17,1,1
BRDA:89,18,0,0
BRDA:94,19,0,1
BRDA:94,20,0,1
BRDA:94,20,1,1
BRDA:94,21,0,0
BRDA:94,21,1,1
BRDA:94,22,0,1
BRDA:94,22,1,1
BRDA:94,23,0,0
BRDA:94,23,1,1
BRDA:94,24,0,1
BRDA:94,24,1,1
BRDA:117,25,0,0
BRDA:119,26,0,0
BRDA:140,27,0,0
BRDA:140,27,1,0
BRDA:145,28,0,0
BRDA:147,29,0,0
BRDA:171,30,0,0
BRDA:187,31,0,0
BRDA:189,32,0,0
BRDA:221,33,0,1
BRDA:223,34,0,0
BRDA:262,35,0,1
BRF:60
BRH:38
end_of_record
