TN:
SF:src/MongoDBConnector.ts
FN:22,(anonymous_7)
FN:158,(anonymous_8)
FN:160,(anonymous_9)
FN:58,(anonymous_10)
FN:120,(anonymous_12)
FN:139,(anonymous_14)
FN:153,(anonymous_16)
FN:162,(anonymous_18)
FN:166,(anonymous_20)
FN:172,(anonymous_22)
FN:178,(anonymous_23)
FN:179,(anonymous_24)
FNF:12
FNH:11
FNDA:1,(anonymous_7)
FNDA:2,(anonymous_8)
FNDA:1,(anonymous_9)
FNDA:2,(anonymous_10)
FNDA:4,(anonymous_12)
FNDA:7,(anonymous_14)
FNDA:0,(anonymous_16)
FNDA:13,(anonymous_18)
FNDA:13,(anonymous_20)
FNDA:13,(anonymous_22)
FNDA:1,(anonymous_23)
FNDA:2,(anonymous_24)
DA:2,1
DA:23,1
DA:24,1
DA:25,1
DA:26,1
DA:27,1
DA:28,1
DA:29,1
DA:30,1
DA:31,1
DA:32,1
DA:59,2
DA:60,2
DA:61,2
DA:62,2
DA:63,2
DA:64,2
DA:65,2
DA:66,1
DA:70,0
DA:71,0
DA:73,2
DA:75,1
DA:121,4
DA:122,4
DA:123,4
DA:124,4
DA:125,1
DA:127,3
DA:128,3
DA:129,3
DA:130,3
DA:133,0
DA:135,4
DA:140,7
DA:141,7
DA:142,7
DA:143,7
DA:144,3
DA:146,4
DA:148,7
DA:150,4
DA:154,0
DA:158,2
DA:160,1
DA:163,13
DA:167,13
DA:173,13
DA:179,1
DA:180,2
DA:181,2
DA:182,2
DA:184,1
DA:188,1
LF:54
LH:50
BRDA:29,0,0,1
BRDA:29,0,1,0
BRDA:30,1,0,1
BRDA:30,1,1,0
BRDA:62,2,0,2
BRDA:65,3,0,1
BRDA:124,4,0,1
BRDA:128,5,0,3
BRDA:128,6,0,3
BRDA:128,6,1,3
BRDA:128,7,0,0
BRDA:128,7,1,3
BRDA:128,8,0,3
BRDA:128,8,1,3
BRDA:128,9,0,0
BRDA:128,9,1,3
BRDA:128,10,0,3
BRDA:128,10,1,3
BRF:18
BRH:14
end_of_record
